<?xml version="1.0" encoding="UTF-8"?>
<!-- Generated by org.testng.reporters.JUnitReportReporter -->
<testsuite hostname="RAGHAV-JCBP8H2" failures="0" tests="1" name="com.synchronoss.test.IPLCricketTeamTest" time="0.029" errors="0" timestamp="31 Jan 2023 09:26:50 GMT">
  <testcase classname="com.synchronoss.test.IPLCricketTeamTest" name="parseJson" time="0.029"/>
</testsuite> <!-- com.synchronoss.test.IPLCricketTeamTest -->
